<?xml version="1.0" encoding="UTF-8" standalone="no"?>
<!DOCTYPE log SYSTEM "logger.dtd">
<log>
<record>
  <date>2019-12-05T15:07:02.791324700Z</date>
  <millis>1575558422791</millis>
  <nanos>324700</nanos>
  <sequence>0</sequence>
  <logger>com.company.Main</logger>
  <level>INFO</level>
  <class>com.company.ArgParser</class>
  <method>parseIp</method>
  <thread>1</thread>
  <message>recived '127.0.0.0-1' ip argument </message>
</record>
<record>
  <date>2019-12-05T15:07:03.015380800Z</date>
  <millis>1575558423015</millis>
  <nanos>380800</nanos>
  <sequence>1</sequence>
  <logger>com.company.Main</logger>
  <level>INFO</level>
  <class>com.company.ArgParser</class>
  <method>parsePort</method>
  <thread>1</thread>
  <message>recived '8880-8890' port argument</message>
</record>
<record>
  <date>2019-12-05T15:07:03.031001500Z</date>
  <millis>1575558423031</millis>
  <nanos>1500</nanos>
  <sequence>2</sequence>
  <logger>com.company.Main</logger>
  <level>INFO</level>
  <class>com.company.ArgParser</class>
  <method>parsePort</method>
  <thread>1</thread>
  <message>recived '800-810' port argument</message>
</record>
<record>
  <date>2019-12-05T15:07:03.031001500Z</date>
  <millis>1575558423031</millis>
  <nanos>1500</nanos>
  <sequence>3</sequence>
  <logger>com.company.Main</logger>
  <level>INFO</level>
  <class>com.company.ArgParser</class>
  <method>parsePort</method>
  <thread>1</thread>
  <message>recived '8075-8085' port argument</message>
</record>
<record>
  <date>2019-12-05T15:07:03.031001500Z</date>
  <millis>1575558423031</millis>
  <nanos>1500</nanos>
  <sequence>4</sequence>
  <logger>com.company.Main</logger>
  <level>INFO</level>
  <class>com.company.ArgParser</class>
  <method>parsePort</method>
  <thread>1</thread>
  <message>recived '8880-8890' port argument</message>
</record>
<record>
  <date>2019-12-05T15:07:03.031001500Z</date>
  <millis>1575558423031</millis>
  <nanos>1500</nanos>
  <sequence>5</sequence>
  <logger>com.company.Main</logger>
  <level>INFO</level>
  <class>com.company.ArgParser</class>
  <method>parsePort</method>
  <thread>1</thread>
  <message>recived '800-810' port argument</message>
</record>
<record>
  <date>2019-12-05T15:07:03.031001500Z</date>
  <millis>1575558423031</millis>
  <nanos>1500</nanos>
  <sequence>6</sequence>
  <logger>com.company.Main</logger>
  <level>INFO</level>
  <class>com.company.ArgParser</class>
  <method>parsePort</method>
  <thread>1</thread>
  <message>recived '8075-8085' port argument</message>
</record>
<record>
  <date>2019-12-05T15:07:04.156387100Z</date>
  <millis>1575558424156</millis>
  <nanos>387100</nanos>
  <sequence>7</sequence>
  <logger>com.company.Main</logger>
  <level>INFO</level>
  <class>com.company.ScanThread</class>
  <method>run</method>
  <thread>34</thread>
  <message>8888 port on 127.0.0.1 ip has not answered</message>
</record>
<record>
  <date>2019-12-05T15:07:04.156387100Z</date>
  <millis>1575558424156</millis>
  <nanos>387100</nanos>
  <sequence>8</sequence>
  <logger>com.company.Main</logger>
  <level>INFO</level>
  <class>com.company.ScanThread</class>
  <method>run</method>
  <thread>29</thread>
  <message>8085 port on 127.0.0.1 ip has not answered</message>
</record>
<record>
  <date>2019-12-05T15:07:04.313400200Z</date>
  <millis>1575558424313</millis>
  <nanos>400200</nanos>
  <sequence>9</sequence>
  <logger>com.company.Main</logger>
  <level>INFO</level>
  <class>com.company.ScanThread</class>
  <method>run</method>
  <thread>57</thread>
  <message>8080 port on 127.0.0.1 ip has not answered</message>
</record>
<record>
  <date>2019-12-05T15:07:04.313400200Z</date>
  <millis>1575558424313</millis>
  <nanos>400200</nanos>
  <sequence>12</sequence>
  <logger>com.company.Main</logger>
  <level>INFO</level>
  <class>com.company.ScanThread</class>
  <method>run</method>
  <thread>38</thread>
  <message>801 port on 127.0.0.1 ip has not answered</message>
</record>
<record>
  <date>2019-12-05T15:07:04.313400200Z</date>
  <millis>1575558424313</millis>
  <nanos>400200</nanos>
  <sequence>13</sequence>
  <logger>com.company.Main</logger>
  <level>INFO</level>
  <class>com.company.ScanThread</class>
  <method>run</method>
  <thread>20</thread>
  <message>8082 port on 127.0.0.1 ip has not answered</message>
</record>
<record>
  <date>2019-12-05T15:07:04.313400200Z</date>
  <millis>1575558424313</millis>
  <nanos>400200</nanos>
  <sequence>16</sequence>
  <logger>com.company.Main</logger>
  <level>INFO</level>
  <class>com.company.ScanThread</class>
  <method>run</method>
  <thread>27</thread>
  <message>804 port on 127.0.0.1 ip has not answered</message>
</record>
<record>
  <date>2019-12-05T15:07:04.313400200Z</date>
  <millis>1575558424313</millis>
  <nanos>400200</nanos>
  <sequence>17</sequence>
  <logger>com.company.Main</logger>
  <level>INFO</level>
  <class>com.company.ScanThread</class>
  <method>run</method>
  <thread>72</thread>
  <message>8882 port on 127.0.0.1 ip has not answered</message>
</record>
<record>
  <date>2019-12-05T15:07:04.313400200Z</date>
  <millis>1575558424313</millis>
  <nanos>400200</nanos>
  <sequence>18</sequence>
  <logger>com.company.Main</logger>
  <level>INFO</level>
  <class>com.company.ScanThread</class>
  <method>run</method>
  <thread>25</thread>
  <message>8077 port on 127.0.0.1 ip has not answered</message>
</record>
<record>
  <date>2019-12-05T15:07:04.313400200Z</date>
  <millis>1575558424313</millis>
  <nanos>400200</nanos>
  <sequence>19</sequence>
  <logger>com.company.Main</logger>
  <level>INFO</level>
  <class>com.company.ScanThread</class>
  <method>run</method>
  <thread>55</thread>
  <message>806 port on 127.0.0.1 ip has not answered</message>
</record>
<record>
  <date>2019-12-05T15:07:04.313400200Z</date>
  <millis>1575558424313</millis>
  <nanos>400200</nanos>
  <sequence>11</sequence>
  <logger>com.company.Main</logger>
  <level>INFO</level>
  <class>com.company.ScanThread</class>
  <method>run</method>
  <thread>15</thread>
  <message>810 port on 127.0.0.1 ip has not answered</message>
</record>
<record>
  <date>2019-12-05T15:07:04.313400200Z</date>
  <millis>1575558424313</millis>
  <nanos>400200</nanos>
  <sequence>10</sequence>
  <logger>com.company.Main</logger>
  <level>INFO</level>
  <class>com.company.ScanThread</class>
  <method>run</method>
  <thread>28</thread>
  <message>8078 port on 127.0.0.1 ip has not answered</message>
</record>
<record>
  <date>2019-12-05T15:07:04.329025500Z</date>
  <millis>1575558424329</millis>
  <nanos>25500</nanos>
  <sequence>25</sequence>
  <logger>com.company.Main</logger>
  <level>INFO</level>
  <class>com.company.ScanThread</class>
  <method>run</method>
  <thread>50</thread>
  <message>8076 port on 127.0.0.1 ip has not answered</message>
</record>
<record>
  <date>2019-12-05T15:07:04.329025500Z</date>
  <millis>1575558424329</millis>
  <nanos>25500</nanos>
  <sequence>27</sequence>
  <logger>com.company.Main</logger>
  <level>INFO</level>
  <class>com.company.ScanThread</class>
  <method>run</method>
  <thread>59</thread>
  <message>8887 port on 127.0.0.1 ip has not answered</message>
</record>
<record>
  <date>2019-12-05T15:07:04.329025500Z</date>
  <millis>1575558424329</millis>
  <nanos>25500</nanos>
  <sequence>28</sequence>
  <logger>com.company.Main</logger>
  <level>INFO</level>
  <class>com.company.ScanThread</class>
  <method>run</method>
  <thread>30</thread>
  <message>8884 port on 127.0.0.1 ip has not answered</message>
</record>
<record>
  <date>2019-12-05T15:07:04.329025500Z</date>
  <millis>1575558424329</millis>
  <nanos>25500</nanos>
  <sequence>24</sequence>
  <logger>com.company.Main</logger>
  <level>INFO</level>
  <class>com.company.ScanThread</class>
  <method>run</method>
  <thread>64</thread>
  <message>8890 port on 127.0.0.1 ip has not answered</message>
</record>
<record>
  <date>2019-12-05T15:07:04.329025500Z</date>
  <millis>1575558424329</millis>
  <nanos>25500</nanos>
  <sequence>29</sequence>
  <logger>com.company.Main</logger>
  <level>INFO</level>
  <class>com.company.ScanThread</class>
  <method>run</method>
  <thread>14</thread>
  <message>8084 port on 127.0.0.1 ip has not answered</message>
</record>
<record>
  <date>2019-12-05T15:07:04.329025500Z</date>
  <millis>1575558424329</millis>
  <nanos>25500</nanos>
  <sequence>23</sequence>
  <logger>com.company.Main</logger>
  <level>INFO</level>
  <class>com.company.ScanThread</class>
  <method>run</method>
  <thread>46</thread>
  <message>809 port on 127.0.0.1 ip has not answered</message>
</record>
<record>
  <date>2019-12-05T15:07:04.329025500Z</date>
  <millis>1575558424329</millis>
  <nanos>25500</nanos>
  <sequence>30</sequence>
  <logger>com.company.Main</logger>
  <level>INFO</level>
  <class>com.company.ScanThread</class>
  <method>run</method>
  <thread>41</thread>
  <message>808 port on 127.0.0.1 ip has not answered</message>
</record>
<record>
  <date>2019-12-05T15:07:04.329025500Z</date>
  <millis>1575558424329</millis>
  <nanos>25500</nanos>
  <sequence>22</sequence>
  <logger>com.company.Main</logger>
  <level>INFO</level>
  <class>com.company.ScanThread</class>
  <method>run</method>
  <thread>61</thread>
  <message>803 port on 127.0.0.1 ip has not answered</message>
</record>
<record>
  <date>2019-12-05T15:07:04.329025500Z</date>
  <millis>1575558424329</millis>
  <nanos>25500</nanos>
  <sequence>31</sequence>
  <logger>com.company.Main</logger>
  <level>INFO</level>
  <class>com.company.ScanThread</class>
  <method>run</method>
  <thread>70</thread>
  <message>8083 port on 127.0.0.1 ip has not answered</message>
</record>
<record>
  <date>2019-12-05T15:07:04.313400200Z</date>
  <millis>1575558424313</millis>
  <nanos>400200</nanos>
  <sequence>21</sequence>
  <logger>com.company.Main</logger>
  <level>INFO</level>
  <class>com.company.ScanThread</class>
  <method>run</method>
  <thread>48</thread>
  <message>8889 port on 127.0.0.1 ip has not answered</message>
</record>
<record>
  <date>2019-12-05T15:07:04.329025500Z</date>
  <millis>1575558424329</millis>
  <nanos>25500</nanos>
  <sequence>33</sequence>
  <logger>com.company.Main</logger>
  <level>INFO</level>
  <class>com.company.ScanThread</class>
  <method>run</method>
  <thread>51</thread>
  <message>8079 port on 127.0.0.1 ip has not answered</message>
</record>
<record>
  <date>2019-12-05T15:07:04.344648800Z</date>
  <millis>1575558424344</millis>
  <nanos>648800</nanos>
  <sequence>36</sequence>
  <logger>com.company.Main</logger>
  <level>INFO</level>
  <class>com.company.ScanThread</class>
  <method>run</method>
  <thread>42</thread>
  <message>800 port on 127.0.0.1 ip has not answered</message>
</record>
<record>
  <date>2019-12-05T15:07:04.313400200Z</date>
  <millis>1575558424313</millis>
  <nanos>400200</nanos>
  <sequence>20</sequence>
  <logger>com.company.Main</logger>
  <level>INFO</level>
  <class>com.company.ScanThread</class>
  <method>run</method>
  <thread>71</thread>
  <message>8081 port on 127.0.0.1 ip has not answered</message>
</record>
<record>
  <date>2019-12-05T15:07:04.313400200Z</date>
  <millis>1575558424313</millis>
  <nanos>400200</nanos>
  <sequence>15</sequence>
  <logger>com.company.Main</logger>
  <level>INFO</level>
  <class>com.company.ScanThread</class>
  <method>run</method>
  <thread>33</thread>
  <message>8886 port on 127.0.0.1 ip has not answered</message>
</record>
<record>
  <date>2019-12-05T15:07:04.313400200Z</date>
  <millis>1575558424313</millis>
  <nanos>400200</nanos>
  <sequence>14</sequence>
  <logger>com.company.Main</logger>
  <level>INFO</level>
  <class>com.company.ScanThread</class>
  <method>run</method>
  <thread>73</thread>
  <message>802 port on 127.0.0.1 ip has not answered</message>
</record>
<record>
  <date>2019-12-05T15:07:04.344648800Z</date>
  <millis>1575558424344</millis>
  <nanos>648800</nanos>
  <sequence>35</sequence>
  <logger>com.company.Main</logger>
  <level>INFO</level>
  <class>com.company.ScanThread</class>
  <method>run</method>
  <thread>21</thread>
  <message>805 port on 127.0.0.1 ip has not answered</message>
</record>
<record>
  <date>2019-12-05T15:07:04.329025500Z</date>
  <millis>1575558424329</millis>
  <nanos>25500</nanos>
  <sequence>34</sequence>
  <logger>com.company.Main</logger>
  <level>INFO</level>
  <class>com.company.ScanThread</class>
  <method>run</method>
  <thread>58</thread>
  <message>8885 port on 127.0.0.1 ip has not answered</message>
</record>
<record>
  <date>2019-12-05T15:07:04.329025500Z</date>
  <millis>1575558424329</millis>
  <nanos>25500</nanos>
  <sequence>32</sequence>
  <logger>com.company.Main</logger>
  <level>INFO</level>
  <class>com.company.ScanThread</class>
  <method>run</method>
  <thread>26</thread>
  <message>8075 port on 127.0.0.1 ip has not answered</message>
</record>
<record>
  <date>2019-12-05T15:07:04.329025500Z</date>
  <millis>1575558424329</millis>
  <nanos>25500</nanos>
  <sequence>26</sequence>
  <logger>com.company.Main</logger>
  <level>INFO</level>
  <class>com.company.ScanThread</class>
  <method>run</method>
  <thread>40</thread>
  <message>807 port on 127.0.0.1 ip has not answered</message>
</record>
<record>
  <date>2019-12-05T15:07:05.301567800Z</date>
  <millis>1575558425301</millis>
  <nanos>567800</nanos>
  <sequence>37</sequence>
  <logger>com.company.Main</logger>
  <level>INFO</level>
  <class>com.company.ScanThread</class>
  <method>run</method>
  <thread>29</thread>
  <message>8880 port on 127.0.0.1 ip has not answered</message>
</record>
<record>
  <date>2019-12-05T15:07:05.407168400Z</date>
  <millis>1575558425407</millis>
  <nanos>168400</nanos>
  <sequence>38</sequence>
  <logger>com.company.Main</logger>
  <level>INFO</level>
  <class>com.company.ScanThread</class>
  <method>run</method>
  <thread>34</thread>
  <message>8883 port on 127.0.0.1 ip has not answered</message>
</record>
<record>
  <date>2019-12-05T15:07:05.422783500Z</date>
  <millis>1575558425422</millis>
  <nanos>783500</nanos>
  <sequence>39</sequence>
  <logger>com.company.Main</logger>
  <level>INFO</level>
  <class>com.company.ScanThread</class>
  <method>run</method>
  <thread>20</thread>
  <message>8881 port on 127.0.0.1 ip has not answered</message>
</record>
<record>
  <date>2019-12-05T15:07:24.101517700Z</date>
  <millis>1575558444101</millis>
  <nanos>517700</nanos>
  <sequence>40</sequence>
  <logger>com.company.Main</logger>
  <level>INFO</level>
  <class>com.company.ScanThread</class>
  <method>run</method>
  <thread>17</thread>
  <message>802 port on 127.0.0.0 ip has not answered</message>
</record>
<record>
  <date>2019-12-05T15:07:24.101517700Z</date>
  <millis>1575558444101</millis>
  <nanos>517700</nanos>
  <sequence>41</sequence>
  <logger>com.company.Main</logger>
  <level>INFO</level>
  <class>com.company.ScanThread</class>
  <method>run</method>
  <thread>16</thread>
  <message>807 port on 127.0.0.0 ip has not answered</message>
</record>
<record>
  <date>2019-12-05T15:07:24.132767300Z</date>
  <millis>1575558444132</millis>
  <nanos>767300</nanos>
  <sequence>42</sequence>
  <logger>com.company.Main</logger>
  <level>INFO</level>
  <class>com.company.ScanThread</class>
  <method>run</method>
  <thread>39</thread>
  <message>806 port on 127.0.0.0 ip has not answered</message>
</record>
<record>
  <date>2019-12-05T15:07:24.132767300Z</date>
  <millis>1575558444132</millis>
  <nanos>767300</nanos>
  <sequence>45</sequence>
  <logger>com.company.Main</logger>
  <level>INFO</level>
  <class>com.company.ScanThread</class>
  <method>run</method>
  <thread>31</thread>
  <message>8890 port on 127.0.0.0 ip has not answered</message>
</record>
<record>
  <date>2019-12-05T15:07:24.132767300Z</date>
  <millis>1575558444132</millis>
  <nanos>767300</nanos>
  <sequence>43</sequence>
  <logger>com.company.Main</logger>
  <level>INFO</level>
  <class>com.company.ScanThread</class>
  <method>run</method>
  <thread>32</thread>
  <message>8883 port on 127.0.0.0 ip has not answered</message>
</record>
<record>
  <date>2019-12-05T15:07:24.132767300Z</date>
  <millis>1575558444132</millis>
  <nanos>767300</nanos>
  <sequence>44</sequence>
  <logger>com.company.Main</logger>
  <level>INFO</level>
  <class>com.company.ScanThread</class>
  <method>run</method>
  <thread>37</thread>
  <message>804 port on 127.0.0.0 ip has not answered</message>
</record>
<record>
  <date>2019-12-05T15:07:24.195285400Z</date>
  <millis>1575558444195</millis>
  <nanos>285400</nanos>
  <sequence>47</sequence>
  <logger>com.company.Main</logger>
  <level>INFO</level>
  <class>com.company.ScanThread</class>
  <method>run</method>
  <thread>56</thread>
  <message>8887 port on 127.0.0.0 ip has not answered</message>
</record>
<record>
  <date>2019-12-05T15:07:24.195285400Z</date>
  <millis>1575558444195</millis>
  <nanos>285400</nanos>
  <sequence>50</sequence>
  <logger>com.company.Main</logger>
  <level>INFO</level>
  <class>com.company.ScanThread</class>
  <method>run</method>
  <thread>62</thread>
  <message>8076 port on 127.0.0.0 ip has not answered</message>
</record>
<record>
  <date>2019-12-05T15:07:24.195285400Z</date>
  <millis>1575558444195</millis>
  <nanos>285400</nanos>
  <sequence>49</sequence>
  <logger>com.company.Main</logger>
  <level>INFO</level>
  <class>com.company.ScanThread</class>
  <method>run</method>
  <thread>44</thread>
  <message>8889 port on 127.0.0.0 ip has not answered</message>
</record>
<record>
  <date>2019-12-05T15:07:24.195285400Z</date>
  <millis>1575558444195</millis>
  <nanos>285400</nanos>
  <sequence>48</sequence>
  <logger>com.company.Main</logger>
  <level>INFO</level>
  <class>com.company.ScanThread</class>
  <method>run</method>
  <thread>63</thread>
  <message>8084 port on 127.0.0.0 ip has not answered</message>
</record>
<record>
  <date>2019-12-05T15:07:24.195285400Z</date>
  <millis>1575558444195</millis>
  <nanos>285400</nanos>
  <sequence>46</sequence>
  <logger>com.company.Main</logger>
  <level>INFO</level>
  <class>com.company.ScanThread</class>
  <method>run</method>
  <thread>66</thread>
  <message>8081 port on 127.0.0.0 ip has not answered</message>
</record>
<record>
  <date>2019-12-05T15:07:24.226528800Z</date>
  <millis>1575558444226</millis>
  <nanos>528800</nanos>
  <sequence>53</sequence>
  <logger>com.company.Main</logger>
  <level>INFO</level>
  <class>com.company.ScanThread</class>
  <method>run</method>
  <thread>53</thread>
  <message>8885 port on 127.0.0.0 ip has not answered</message>
</record>
<record>
  <date>2019-12-05T15:07:24.226528800Z</date>
  <millis>1575558444226</millis>
  <nanos>528800</nanos>
  <sequence>61</sequence>
  <logger>com.company.Main</logger>
  <level>INFO</level>
  <class>com.company.ScanThread</class>
  <method>run</method>
  <thread>22</thread>
  <message>803 port on 127.0.0.0 ip has not answered</message>
</record>
<record>
  <date>2019-12-05T15:07:24.226528800Z</date>
  <millis>1575558444226</millis>
  <nanos>528800</nanos>
  <sequence>64</sequence>
  <logger>com.company.Main</logger>
  <level>INFO</level>
  <class>com.company.ScanThread</class>
  <method>run</method>
  <thread>23</thread>
  <message>800 port on 127.0.0.0 ip has not answered</message>
</record>
<record>
  <date>2019-12-05T15:07:24.226528800Z</date>
  <millis>1575558444226</millis>
  <nanos>528800</nanos>
  <sequence>60</sequence>
  <logger>com.company.Main</logger>
  <level>INFO</level>
  <class>com.company.ScanThread</class>
  <method>run</method>
  <thread>52</thread>
  <message>8882 port on 127.0.0.0 ip has not answered</message>
</record>
<record>
  <date>2019-12-05T15:07:24.226528800Z</date>
  <millis>1575558444226</millis>
  <nanos>528800</nanos>
  <sequence>58</sequence>
  <logger>com.company.Main</logger>
  <level>INFO</level>
  <class>com.company.ScanThread</class>
  <method>run</method>
  <thread>49</thread>
  <message>8888 port on 127.0.0.0 ip has not answered</message>
</record>
<record>
  <date>2019-12-05T15:07:24.226528800Z</date>
  <millis>1575558444226</millis>
  <nanos>528800</nanos>
  <sequence>59</sequence>
  <logger>com.company.Main</logger>
  <level>INFO</level>
  <class>com.company.ScanThread</class>
  <method>run</method>
  <thread>68</thread>
  <message>805 port on 127.0.0.0 ip has not answered</message>
</record>
<record>
  <date>2019-12-05T15:07:24.226528800Z</date>
  <millis>1575558444226</millis>
  <nanos>528800</nanos>
  <sequence>57</sequence>
  <logger>com.company.Main</logger>
  <level>INFO</level>
  <class>com.company.ScanThread</class>
  <method>run</method>
  <thread>19</thread>
  <message>8085 port on 127.0.0.0 ip has not answered</message>
</record>
<record>
  <date>2019-12-05T15:07:24.226528800Z</date>
  <millis>1575558444226</millis>
  <nanos>528800</nanos>
  <sequence>56</sequence>
  <logger>com.company.Main</logger>
  <level>INFO</level>
  <class>com.company.ScanThread</class>
  <method>run</method>
  <thread>54</thread>
  <message>8075 port on 127.0.0.0 ip has not answered</message>
</record>
<record>
  <date>2019-12-05T15:07:24.226528800Z</date>
  <millis>1575558444226</millis>
  <nanos>528800</nanos>
  <sequence>55</sequence>
  <logger>com.company.Main</logger>
  <level>INFO</level>
  <class>com.company.ScanThread</class>
  <method>run</method>
  <thread>65</thread>
  <message>8884 port on 127.0.0.0 ip has not answered</message>
</record>
<record>
  <date>2019-12-05T15:07:24.226528800Z</date>
  <millis>1575558444226</millis>
  <nanos>528800</nanos>
  <sequence>54</sequence>
  <logger>com.company.Main</logger>
  <level>INFO</level>
  <class>com.company.ScanThread</class>
  <method>run</method>
  <thread>47</thread>
  <message>8080 port on 127.0.0.0 ip has not answered</message>
</record>
<record>
  <date>2019-12-05T15:07:24.226528800Z</date>
  <millis>1575558444226</millis>
  <nanos>528800</nanos>
  <sequence>51</sequence>
  <logger>com.company.Main</logger>
  <level>INFO</level>
  <class>com.company.ScanThread</class>
  <method>run</method>
  <thread>69</thread>
  <message>8083 port on 127.0.0.0 ip has not answered</message>
</record>
<record>
  <date>2019-12-05T15:07:24.226528800Z</date>
  <millis>1575558444226</millis>
  <nanos>528800</nanos>
  <sequence>52</sequence>
  <logger>com.company.Main</logger>
  <level>INFO</level>
  <class>com.company.ScanThread</class>
  <method>run</method>
  <thread>35</thread>
  <message>808 port on 127.0.0.0 ip has not answered</message>
</record>
<record>
  <date>2019-12-05T15:07:24.226528800Z</date>
  <millis>1575558444226</millis>
  <nanos>528800</nanos>
  <sequence>69</sequence>
  <logger>com.company.Main</logger>
  <level>INFO</level>
  <class>com.company.ScanThread</class>
  <method>run</method>
  <thread>45</thread>
  <message>809 port on 127.0.0.0 ip has not answered</message>
</record>
<record>
  <date>2019-12-05T15:07:24.226528800Z</date>
  <millis>1575558444226</millis>
  <nanos>528800</nanos>
  <sequence>68</sequence>
  <logger>com.company.Main</logger>
  <level>INFO</level>
  <class>com.company.ScanThread</class>
  <method>run</method>
  <thread>67</thread>
  <message>8881 port on 127.0.0.0 ip has not answered</message>
</record>
<record>
  <date>2019-12-05T15:07:24.226528800Z</date>
  <millis>1575558444226</millis>
  <nanos>528800</nanos>
  <sequence>67</sequence>
  <logger>com.company.Main</logger>
  <level>INFO</level>
  <class>com.company.ScanThread</class>
  <method>run</method>
  <thread>24</thread>
  <message>8078 port on 127.0.0.0 ip has not answered</message>
</record>
<record>
  <date>2019-12-05T15:07:24.226528800Z</date>
  <millis>1575558444226</millis>
  <nanos>528800</nanos>
  <sequence>66</sequence>
  <logger>com.company.Main</logger>
  <level>INFO</level>
  <class>com.company.ScanThread</class>
  <method>run</method>
  <thread>60</thread>
  <message>8077 port on 127.0.0.0 ip has not answered</message>
</record>
<record>
  <date>2019-12-05T15:07:24.226528800Z</date>
  <millis>1575558444226</millis>
  <nanos>528800</nanos>
  <sequence>65</sequence>
  <logger>com.company.Main</logger>
  <level>INFO</level>
  <class>com.company.ScanThread</class>
  <method>run</method>
  <thread>18</thread>
  <message>8886 port on 127.0.0.0 ip has not answered</message>
</record>
<record>
  <date>2019-12-05T15:07:24.226528800Z</date>
  <millis>1575558444226</millis>
  <nanos>528800</nanos>
  <sequence>63</sequence>
  <logger>com.company.Main</logger>
  <level>INFO</level>
  <class>com.company.ScanThread</class>
  <method>run</method>
  <thread>36</thread>
  <message>810 port on 127.0.0.0 ip has not answered</message>
</record>
<record>
  <date>2019-12-05T15:07:24.226528800Z</date>
  <millis>1575558444226</millis>
  <nanos>528800</nanos>
  <sequence>62</sequence>
  <logger>com.company.Main</logger>
  <level>INFO</level>
  <class>com.company.ScanThread</class>
  <method>run</method>
  <thread>43</thread>
  <message>8880 port on 127.0.0.0 ip has not answered</message>
</record>
<record>
  <date>2019-12-05T15:07:25.333947900Z</date>
  <millis>1575558445333</millis>
  <nanos>947900</nanos>
  <sequence>70</sequence>
  <logger>com.company.Main</logger>
  <level>INFO</level>
  <class>com.company.ScanThread</class>
  <method>run</method>
  <thread>57</thread>
  <message>8079 port on 127.0.0.0 ip has not answered</message>
</record>
<record>
  <date>2019-12-05T15:07:25.430319900Z</date>
  <millis>1575558445430</millis>
  <nanos>319900</nanos>
  <sequence>71</sequence>
  <logger>com.company.Main</logger>
  <level>INFO</level>
  <class>com.company.ScanThread</class>
  <method>run</method>
  <thread>38</thread>
  <message>8082 port on 127.0.0.0 ip has not answered</message>
</record>
<record>
  <date>2019-12-05T15:07:25.430319900Z</date>
  <millis>1575558445430</millis>
  <nanos>319900</nanos>
  <sequence>72</sequence>
  <logger>com.company.Main</logger>
  <level>INFO</level>
  <class>com.company.ScanThread</class>
  <method>run</method>
  <thread>27</thread>
  <message>801 port on 127.0.0.0 ip has not answered</message>
</record>
</log>
